0 info it worked if it ends with ok
1 verbose cli [ 'c:\\Program Files\\nodejs\\node.exe',
1 verbose cli   'c:\\Program Files\\nodejs\\node_modules\\npm\\bin\\npm-cli.js',
1 verbose cli   'install',
1 verbose cli   '-g',
1 verbose cli   'nopache' ]
2 info using npm@2.7.4
3 info using node@v0.12.2
4 silly cache add args [ 'nopache', null ]
5 verbose cache add spec nopache
6 silly cache add parsed spec { raw: 'nopache',
6 silly cache add   scope: null,
6 silly cache add   name: 'nopache',
6 silly cache add   rawSpec: '',
6 silly cache add   spec: '*',
6 silly cache add   type: 'range' }
7 verbose addNamed nopache@*
8 silly addNamed semver.valid null
9 silly addNamed semver.validRange *
10 silly addNameRange { name: 'nopache', range: '*', hasData: false }
11 silly mapToRegistry name nopache
12 silly mapToRegistry using default registry
13 silly mapToRegistry registry https://registry.npmjs.org/
14 silly mapToRegistry uri https://registry.npmjs.org/nopache
15 verbose addNameRange registry:https://registry.npmjs.org/nopache not in flight; fetching
16 verbose request uri https://registry.npmjs.org/nopache
17 verbose request no auth needed
18 info attempt registry request try #1 at 11:53:08 PM
19 verbose request id 25ff1e9cd927f422
20 verbose etag "EYTJI7B0NDAEAQ9JII954VLS5"
21 http request GET https://registry.npmjs.org/nopache
22 http 200 https://registry.npmjs.org/nopache
23 silly get cb [ 200,
23 silly get   { server: 'CouchDB/1.5.0 (Erlang OTP/R16B03)',
23 silly get     etag: '"2883JWR69B810IEH1IU438NCD"',
23 silly get     'content-type': 'application/json',
23 silly get     'cache-control': 'max-age=60',
23 silly get     'content-length': '19505',
23 silly get     'accept-ranges': 'bytes',
23 silly get     date: 'Thu, 26 Nov 2015 05:52:41 GMT',
23 silly get     via: '1.1 varnish',
23 silly get     age: '0',
23 silly get     connection: 'keep-alive',
23 silly get     'x-served-by': 'cache-atl6223-ATL',
23 silly get     'x-cache': 'MISS',
23 silly get     'x-cache-hits': '0',
23 silly get     'x-timer': 'S1448517161.207313,VS0,VE166',
23 silly get     vary: 'Accept' } ]
24 verbose get saving nopache to C:\Users\Matt\AppData\Roaming\npm-cache\registry.npmjs.org\nopache\.cache.json
25 silly addNameRange number 2 { name: 'nopache', range: '*', hasData: true }
26 silly addNameRange versions [ 'nopache',
26 silly addNameRange   [ '0.0.1',
26 silly addNameRange     '0.0.2',
26 silly addNameRange     '0.0.3',
26 silly addNameRange     '0.1.0',
26 silly addNameRange     '0.1.1',
26 silly addNameRange     '0.1.2',
26 silly addNameRange     '0.1.3',
26 silly addNameRange     '0.1.4',
26 silly addNameRange     '0.9.0',
26 silly addNameRange     '0.9.1',
26 silly addNameRange     '0.9.2',
26 silly addNameRange     '0.9.3' ] ]
27 verbose addNamed nopache@0.9.3
28 silly addNamed semver.valid 0.9.3
29 silly addNamed semver.validRange 0.9.3
30 silly mapToRegistry name nopache
31 silly mapToRegistry using default registry
32 silly mapToRegistry registry https://registry.npmjs.org/
33 silly mapToRegistry uri https://registry.npmjs.org/nopache
34 verbose addRemoteTarball https://registry.npmjs.org/nopache/-/nopache-0.9.3.tgz not in flight; adding
35 verbose addRemoteTarball [ 'https://registry.npmjs.org/nopache/-/nopache-0.9.3.tgz',
35 verbose addRemoteTarball   '98d16e42ecf18ff2797285ccf1f632b65d8a4be8' ]
36 info retry fetch attempt 1 at 11:53:09 PM
37 info attempt registry request try #1 at 11:53:09 PM
38 http fetch GET https://registry.npmjs.org/nopache/-/nopache-0.9.3.tgz
39 http fetch 200 https://registry.npmjs.org/nopache/-/nopache-0.9.3.tgz
40 silly fetchAndShaCheck shasum 98d16e42ecf18ff2797285ccf1f632b65d8a4be8
41 verbose addTmpTarball C:\Users\Matt\AppData\Local\Temp\npm-3416-5ce7ce4a\registry.npmjs.org\nopache\-\nopache-0.9.3.tgz not in flight; adding
42 verbose addTmpTarball already have metadata; skipping unpack for nopache@0.9.3
43 silly cache afterAdd nopache@0.9.3
44 verbose afterAdd C:\Users\Matt\AppData\Roaming\npm-cache\nopache\0.9.3\package\package.json not in flight; writing
45 verbose afterAdd C:\Users\Matt\AppData\Roaming\npm-cache\nopache\0.9.3\package\package.json written
46 silly install resolved [ { name: 'nopache',
46 silly install resolved     version: '0.9.3',
46 silly install resolved     description: 'Nopache is a light weight webserver with the ability to easily configure options and plugin modules',
46 silly install resolved     main: 'index.js',
46 silly install resolved     bin: { nopache: 'bin/nopache' },
46 silly install resolved     dependencies: { minimatch: '^3.0.0', nopt: '^3.0.4', sync: '^0.2.5' },
46 silly install resolved     devDependencies:
46 silly install resolved      { grunt: '^0.4.5',
46 silly install resolved        'grunt-contrib-jshint': '^0.11.3',
46 silly install resolved        'grunt-contrib-nodeunit': '^0.4.1',
46 silly install resolved        semaphore: '^1.0.3' },
46 silly install resolved     repository:
46 silly install resolved      { type: 'git',
46 silly install resolved        url: 'git+https://github.com/tjhall13/nopache.git' },
46 silly install resolved     keywords: [ 'nopache', 'apache', 'mock', 'webserver' ],
46 silly install resolved     author: { name: 'Trevor Hall' },
46 silly install resolved     license: 'MIT',
46 silly install resolved     bugs: { url: 'https://github.com/tjhall13/nopache/issues' },
46 silly install resolved     gitHead: 'c4f951bf6ae5954d463e3787ff5abd9277e74607',
46 silly install resolved     homepage: 'https://github.com/tjhall13/nopache#readme',
46 silly install resolved     _id: 'nopache@0.9.3',
46 silly install resolved     scripts: {},
46 silly install resolved     _shasum: '98d16e42ecf18ff2797285ccf1f632b65d8a4be8',
46 silly install resolved     _from: 'nopache@*',
46 silly install resolved     _npmVersion: '2.11.0',
46 silly install resolved     _nodeVersion: '4.2.1',
46 silly install resolved     _npmUser: { name: 'thall', email: 'trevdog98@hotmail.com' },
46 silly install resolved     maintainers: [ [Object] ],
46 silly install resolved     dist:
46 silly install resolved      { shasum: '98d16e42ecf18ff2797285ccf1f632b65d8a4be8',
46 silly install resolved        tarball: 'http://registry.npmjs.org/nopache/-/nopache-0.9.3.tgz' },
46 silly install resolved     directories: {},
46 silly install resolved     _resolved: 'https://registry.npmjs.org/nopache/-/nopache-0.9.3.tgz' } ]
47 info install nopache@0.9.3 into C:\Users\Matt\AppData\Roaming\npm
48 info installOne nopache@0.9.3
49 verbose installOne of nopache to C:\Users\Matt\AppData\Roaming\npm not in flight; installing
50 verbose lock using C:\Users\Matt\AppData\Roaming\npm-cache\_locks\nopache-c15140a99aa01697.lock for C:\Users\Matt\AppData\Roaming\npm\node_modules\nopache
51 silly install write writing nopache 0.9.3 to C:\Users\Matt\AppData\Roaming\npm\node_modules\nopache
52 silly cache addNamed cb nopache@0.9.3
53 verbose unbuild node_modules\nopache
54 info preuninstall nopache@0.9.1
55 info uninstall nopache@0.9.1
56 verbose unbuild rmStuff nopache@0.9.1 from C:\Users\Matt\AppData\Roaming\npm\node_modules
57 silly gentlyRm C:\Users\Matt\AppData\Roaming\npm\nopache.cmd is being gently removed
58 silly gentlyRm verifying C:\Users\Matt\AppData\Roaming\npm is an npm working directory
59 silly gentlyRm containing path C:\Users\Matt\AppData\Roaming\npm is under npm's control, in C:\Users\Matt\AppData\Roaming\npm
60 silly gentlyRm deletion target C:\Users\Matt\AppData\Roaming\npm\nopache.cmd is under C:\Users\Matt\AppData\Roaming\npm
61 verbose gentlyRm vacuuming from C:\Users\Matt\AppData\Roaming\npm\nopache.cmd up to C:\Users\Matt\AppData\Roaming\npm
62 silly vacuum-fs removing C:\Users\Matt\AppData\Roaming\npm\nopache.cmd
63 silly vacuum-fs finished vacuuming up to C:\Users\Matt\AppData\Roaming\npm
64 silly gentlyRm C:\Users\Matt\AppData\Roaming\npm\nopache is being gently removed
65 silly gentlyRm verifying C:\Users\Matt\AppData\Roaming\npm is an npm working directory
66 silly gentlyRm containing path C:\Users\Matt\AppData\Roaming\npm is under npm's control, in C:\Users\Matt\AppData\Roaming\npm
67 silly gentlyRm deletion target C:\Users\Matt\AppData\Roaming\npm\nopache is under C:\Users\Matt\AppData\Roaming\npm
68 verbose gentlyRm vacuuming from C:\Users\Matt\AppData\Roaming\npm\nopache up to C:\Users\Matt\AppData\Roaming\npm
69 silly vacuum-fs removing C:\Users\Matt\AppData\Roaming\npm\nopache
70 silly vacuum-fs finished vacuuming up to C:\Users\Matt\AppData\Roaming\npm
71 info postuninstall nopache@0.9.1
72 silly gentlyRm C:\Users\Matt\AppData\Roaming\npm\node_modules\nopache is being purged from base C:\Users\Matt\AppData\Roaming\npm
73 verbose gentlyRm don't care about contents; nuking C:\Users\Matt\AppData\Roaming\npm\node_modules\nopache
74 silly vacuum-fs purging C:\Users\Matt\AppData\Roaming\npm\node_modules\nopache
75 verbose unlock done using C:\Users\Matt\AppData\Roaming\npm-cache\_locks\nopache-c15140a99aa01697.lock for C:\Users\Matt\AppData\Roaming\npm\node_modules\nopache
76 verbose stack Error: EPERM, unlink 'C:\Users\Matt\AppData\Roaming\npm\node_modules\nopache\node_modules\sync\node_modules\fibers\bin\win32-x64-v8-3.28\fibers.node'
76 verbose stack     at Error (native)
77 verbose cwd c:\Users\Matt\Documents\StudyBinder\LandingPage\StudyBinderLandingPage
78 error Windows_NT 6.3.9600
79 error argv "c:\\Program Files\\nodejs\\node.exe" "c:\\Program Files\\nodejs\\node_modules\\npm\\bin\\npm-cli.js" "install" "-g" "nopache"
80 error node v0.12.2
81 error npm  v2.7.4
82 error path C:\Users\Matt\AppData\Roaming\npm\node_modules\nopache\node_modules\sync\node_modules\fibers\bin\win32-x64-v8-3.28\fibers.node
83 error code EPERM
84 error errno -4048
85 error Error: EPERM, unlink 'C:\Users\Matt\AppData\Roaming\npm\node_modules\nopache\node_modules\sync\node_modules\fibers\bin\win32-x64-v8-3.28\fibers.node'
85 error     at Error (native)
85 error  { [Error: EPERM, unlink 'C:\Users\Matt\AppData\Roaming\npm\node_modules\nopache\node_modules\sync\node_modules\fibers\bin\win32-x64-v8-3.28\fibers.node']
85 error   errno: -4048,
85 error   code: 'EPERM',
85 error   path: 'C:\\Users\\Matt\\AppData\\Roaming\\npm\\node_modules\\nopache\\node_modules\\sync\\node_modules\\fibers\\bin\\win32-x64-v8-3.28\\fibers.node' }
86 error Please try running this command again as root/Administrator.
87 verbose exit [ -4048, true ]
88 verbose unbuild node_modules\nopache
89 silly gentlyRm C:\Users\Matt\AppData\Roaming\npm\node_modules\nopache is being purged from base C:\Users\Matt\AppData\Roaming\npm
90 verbose gentlyRm don't care about contents; nuking C:\Users\Matt\AppData\Roaming\npm\node_modules\nopache
91 silly vacuum-fs purging C:\Users\Matt\AppData\Roaming\npm\node_modules\nopache
92 error error rolling back Error: EPERM, unlink 'C:\Users\Matt\AppData\Roaming\npm\node_modules\nopache\node_modules\sync\node_modules\fibers\bin\win32-x64-v8-3.28\fibers.node'
92 error error rolling back     at Error (native)
92 error error rolling back  { [Error: EPERM, unlink 'C:\Users\Matt\AppData\Roaming\npm\node_modules\nopache\node_modules\sync\node_modules\fibers\bin\win32-x64-v8-3.28\fibers.node']
92 error error rolling back   errno: -4048,
92 error error rolling back   code: 'EPERM',
92 error error rolling back   path: 'C:\\Users\\Matt\\AppData\\Roaming\\npm\\node_modules\\nopache\\node_modules\\sync\\node_modules\\fibers\\bin\\win32-x64-v8-3.28\\fibers.node' }
